<?xml version="1.0" encoding="UTF-8"?>
<Site BuildName="(empty)"
	BuildStamp="20240114-1408-Experimental"
	Name="ELITEBOOK-840"
	Generator="ctest-3.16.3"
	CompilerName="/usr/bin/g++"
	CompilerVersion="9.4.0"
	OSName="Linux"
	Hostname="ELITEBOOK-840"
	OSRelease="5.15.137.3-microsoft-standard-WSL2"
	OSVersion="#1 SMP Mon Nov 6 23:32:38 UTC 2023"
	OSPlatform="x86_64"
	Is64Bits="1"
	VendorString="GenuineIntel"
	VendorID="Intel Corporation"
	FamilyID="6"
	ModelID="142"
	ProcessorCacheSize="6144"
	NumberOfLogicalCPU="8"
	NumberOfPhysicalCPU="4"
	TotalVirtualMemory="2048"
	TotalPhysicalMemory="7865"
	LogicalProcessorsPerPhysical="2"
	ProcessorClockFrequency="1896"
	>
	<Testing>
		<StartDateTime>Jan 14 21:37 +07</StartDateTime>
		<StartTestTime>1705243048</StartTestTime>
		<TestList/>
		<EndDateTime>Jan 14 21:37 +07</EndDateTime>
		<EndTestTime>1705243048</EndTestTime>
		<ElapsedMinutes>0</ElapsedMinutes>
	</Testing>
</Site>
